# JRE version: Java(TM) SE Runtime Environment (8.0_121-b13) (build 1.8.0_121-b13)
# Java VM: Java HotSpot(TM) 64-Bit Server VM (25.121-b13 mixed mode windows-amd64 compressed oops)
Heap:
 PSYoungGen      total 38400K, used 2160K [0x00000000d5580000, 0x00000000d8000000, 0x0000000100000000)
  eden space 33280K, 1% used [0x00000000d5580000,0x00000000d5626100,0x00000000d7600000)
  from space 5120K, 29% used [0x00000000d7b00000,0x00000000d7c75f70,0x00000000d8000000)
  to   space 5120K, 0% used [0x00000000d7600000,0x00000000d7600000,0x00000000d7b00000)
 ParOldGen       total 83456K, used 53235K [0x0000000080000000, 0x0000000085180000, 0x00000000d5580000)
  object space 83456K, 63% used [0x0000000080000000,0x00000000833fced0,0x0000000085180000)
 Metaspace       used 24298K, capacity 24712K, committed 24880K, reserved 1071104K
  class space    used 2705K, capacity 2838K, committed 2864K, reserved 1048576K
GC Heap History (10 events):
Event: 9.628 GC heap before
{Heap before GC invocations=8 (full 0):
 PSYoungGen      total 38400K, used 34237K [0x00000000d5580000, 0x00000000d8000000, 0x0000000100000000)
  eden space 33280K, 87% used [0x00000000d5580000,0x00000000d71ef7f0,0x00000000d7600000)
  from space 5120K, 100% used [0x00000000d7600000,0x00000000d7b00000,0x00000000d7b00000)
  to   space 5120K, 0% used [0x00000000d7b00000,0x00000000d7b00000,0x00000000d8000000)
 ParOldGen       total 87552K, used 20909K [0x0000000080000000, 0x0000000085580000, 0x00000000d5580000)
  object space 87552K, 23% used [0x0000000080000000,0x000000008146b4c0,0x0000000085580000)
 Metaspace       used 20864K, capacity 21256K, committed 21296K, reserved 1069056K
  class space    used 2457K, capacity 2582K, committed 2608K, reserved 1048576K
Event: 9.665 GC heap after
Heap after GC invocations=8 (full 0):
 PSYoungGen      total 38400K, used 5115K [0x00000000d5580000, 0x00000000d8000000, 0x0000000100000000)
  eden space 33280K, 0% used [0x00000000d5580000,0x00000000d5580000,0x00000000d7600000)
  from space 5120K, 99% used [0x00000000d7b00000,0x00000000d7ffef88,0x00000000d8000000)
  to   space 5120K, 0% used [0x00000000d7600000,0x00000000d7600000,0x00000000d7b00000)
 ParOldGen       total 87552K, used 22947K [0x0000000080000000, 0x0000000085580000, 0x00000000d5580000)
  object space 87552K, 26% used [0x0000000080000000,0x0000000081668ee8,0x0000000085580000)
 Metaspace       used 20864K, capacity 21256K, committed 21296K, reserved 1069056K
  class space    used 2457K, capacity 2582K, committed 2608K, reserved 1048576K
}
Event: 9.665 GC heap before
{Heap before GC invocations=9 (full 1):
 PSYoungGen      total 38400K, used 5115K [0x00000000d5580000, 0x00000000d8000000, 0x0000000100000000)
  eden space 33280K, 0% used [0x00000000d5580000,0x00000000d5580000,0x00000000d7600000)
  from space 5120K, 99% used [0x00000000d7b00000,0x00000000d7ffef88,0x00000000d8000000)
  to   space 5120K, 0% used [0x00000000d7600000,0x00000000d7600000,0x00000000d7b00000)
 ParOldGen       total 87552K, used 22947K [0x0000000080000000, 0x0000000085580000, 0x00000000d5580000)
  object space 87552K, 26% used [0x0000000080000000,0x0000000081668ee8,0x0000000085580000)
 Metaspace       used 20864K, capacity 21256K, committed 21296K, reserved 1069056K
  class space    used 2457K, capacity 2582K, committed 2608K, reserved 1048576K
Event: 9.963 GC heap after
Heap after GC invocations=9 (full 1):
 PSYoungGen      total 38400K, used 0K [0x00000000d5580000, 0x00000000d8000000, 0x0000000100000000)
  eden space 33280K, 0% used [0x00000000d5580000,0x00000000d5580000,0x00000000d7600000)
  from space 5120K, 0% used [0x00000000d7b00000,0x00000000d7b00000,0x00000000d8000000)
  to   space 5120K, 0% used [0x00000000d7600000,0x00000000d7600000,0x00000000d7b00000)
 ParOldGen       total 83456K, used 24029K [0x0000000080000000, 0x0000000085180000, 0x00000000d5580000)
  object space 83456K, 28% used [0x0000000080000000,0x00000000817775e8,0x0000000085180000)
 Metaspace       used 20864K, capacity 21256K, committed 21296K, reserved 1069056K
  class space    used 2457K, capacity 2582K, committed 2608K, reserved 1048576K
}
Event: 10.940 GC heap before
{Heap before GC invocations=10 (full 1):
 PSYoungGen      total 38400K, used 33280K [0x00000000d5580000, 0x00000000d8000000, 0x0000000100000000)
  eden space 33280K, 100% used [0x00000000d5580000,0x00000000d7600000,0x00000000d7600000)
  from space 5120K, 0% used [0x00000000d7b00000,0x00000000d7b00000,0x00000000d8000000)
  to   space 5120K, 0% used [0x00000000d7600000,0x00000000d7600000,0x00000000d7b00000)
 ParOldGen       total 83456K, used 24029K [0x0000000080000000, 0x0000000085180000, 0x00000000d5580000)
  object space 83456K, 28% used [0x0000000080000000,0x00000000817775e8,0x0000000085180000)
 Metaspace       used 22042K, capacity 22472K, committed 22704K, reserved 1069056K
  class space    used 2557K, capacity 2710K, committed 2736K, reserved 1048576K
Event: 10.954 GC heap after
Heap after GC invocations=10 (full 1):
 PSYoungGen      total 38400K, used 5116K [0x00000000d5580000, 0x00000000d8000000, 0x0000000100000000)
  eden space 33280K, 0% used [0x00000000d5580000,0x00000000d5580000,0x00000000d7600000)
  from space 5120K, 99% used [0x00000000d7600000,0x00000000d7aff0e8,0x00000000d7b00000)
  to   space 5120K, 0% used [0x00000000d7b00000,0x00000000d7b00000,0x00000000d8000000)
 ParOldGen       total 83456K, used 27921K [0x0000000080000000, 0x0000000085180000, 0x00000000d5580000)
  object space 83456K, 33% used [0x0000000080000000,0x0000000081b44610,0x0000000085180000)
 Metaspace       used 22042K, capacity 22472K, committed 22704K, reserved 1069056K
  class space    used 2557K, capacity 2710K, committed 2736K, reserved 1048576K
}
Event: 11.629 GC heap before
{Heap before GC invocations=11 (full 1):
 PSYoungGen      total 38400K, used 38396K [0x00000000d5580000, 0x00000000d8000000, 0x0000000100000000)
  eden space 33280K, 100% used [0x00000000d5580000,0x00000000d7600000,0x00000000d7600000)
  from space 5120K, 99% used [0x00000000d7600000,0x00000000d7aff0e8,0x00000000d7b00000)
  to   space 5120K, 0% used [0x00000000d7b00000,0x00000000d7b00000,0x00000000d8000000)
 ParOldGen       total 83456K, used 27921K [0x0000000080000000, 0x0000000085180000, 0x00000000d5580000)
  object space 83456K, 33% used [0x0000000080000000,0x0000000081b44610,0x0000000085180000)
 Metaspace       used 22334K, capacity 22792K, committed 22960K, reserved 1069056K
  class space    used 2577K, capacity 2710K, committed 2736K, reserved 1048576K
Event: 11.655 GC heap after
Heap after GC invocations=11 (full 1):
 PSYoungGen      total 38400K, used 5111K [0x00000000d5580000, 0x00000000d8000000, 0x0000000100000000)
  eden space 33280K, 0% used [0x00000000d5580000,0x00000000d5580000,0x00000000d7600000)
  from space 5120K, 99% used [0x00000000d7b00000,0x00000000d7ffde18,0x00000000d8000000)
  to   space 5120K, 0% used [0x00000000d7600000,0x00000000d7600000,0x00000000d7b00000)
 ParOldGen       total 83456K, used 42020K [0x0000000080000000, 0x0000000085180000, 0x00000000d5580000)
  object space 83456K, 50% used [0x0000000080000000,0x0000000082909010,0x0000000085180000)
 Metaspace       used 22334K, capacity 22792K, committed 22960K, reserved 1069056K
  class space    used 2577K, capacity 2710K, committed 2736K, reserved 1048576K
}
Event: 12.620 GC heap before
{Heap before GC invocations=12 (full 1):
 PSYoungGen      total 38400K, used 38391K [0x00000000d5580000, 0x00000000d8000000, 0x0000000100000000)
  eden space 33280K, 100% used [0x00000000d5580000,0x00000000d7600000,0x00000000d7600000)
  from space 5120K, 99% used [0x00000000d7b00000,0x00000000d7ffde18,0x00000000d8000000)
  to   space 5120K, 0% used [0x00000000d7600000,0x00000000d7600000,0x00000000d7b00000)
 ParOldGen       total 83456K, used 42020K [0x0000000080000000, 0x0000000085180000, 0x00000000d5580000)
  object space 83456K, 50% used [0x0000000080000000,0x0000000082909010,0x0000000085180000)
 Metaspace       used 22638K, capacity 23048K, committed 23216K, reserved 1069056K
  class space    used 2580K, capacity 2710K, committed 2736K, reserved 1048576K
Event: 12.637 GC heap after
Heap after GC invocations=12 (full 1):
 PSYoungGen      total 38400K, used 5118K [0x00000000d5580000, 0x00000000d8000000, 0x0000000100000000)
  eden space 33280K, 0% used [0x00000000d5580000,0x00000000d5580000,0x00000000d7600000)
  from space 5120K, 99% used [0x00000000d7600000,0x00000000d7affae8,0x00000000d7b00000)
  to   space 5120K, 0% used [0x00000000d7b00000,0x00000000d7b00000,0x00000000d8000000)
 ParOldGen       total 83456K, used 48214K [0x0000000080000000, 0x0000000085180000, 0x00000000d5580000)
  object space 83456K, 57% used [0x0000000080000000,0x0000000082f15b40,0x0000000085180000)
 Metaspace       used 22638K, capacity 23048K, committed 23216K, reserved 1069056K
  class space    used 2580K, capacity 2710K, committed 2736K, reserved 1048576K
}

