# JRE version: Java(TM) SE Runtime Environment (8.0_121-b13) (build 1.8.0_121-b13)
# Java VM: Java HotSpot(TM) 64-Bit Server VM (25.121-b13 mixed mode windows-amd64 compressed oops)
Heap:
 PSYoungGen      total 266240K, used 94302K [0x00000000d5580000, 0x00000000e7900000, 0x0000000100000000)
  eden space 252416K, 31% used [0x00000000d5580000,0x00000000da418fd0,0x00000000e4c00000)
  from space 13824K, 99% used [0x00000000e6700000,0x00000000e747eb98,0x00000000e7480000)
  to   space 23040K, 0% used [0x00000000e4c00000,0x00000000e4c00000,0x00000000e6280000)
 ParOldGen       total 65536K, used 37978K [0x0000000080000000, 0x0000000084000000, 0x00000000d5580000)
  object space 65536K, 57% used [0x0000000080000000,0x0000000082516bb0,0x0000000084000000)
 Metaspace       used 25035K, capacity 25448K, committed 25776K, reserved 1073152K
  class space    used 2746K, capacity 2870K, committed 2992K, reserved 1048576K
GC Heap History (10 events):
Event: 6.269 GC heap before
{Heap before GC invocations=5 (full 0):
 PSYoungGen      total 71680K, used 71664K [0x00000000d5580000, 0x00000000da080000, 0x0000000100000000)
  eden space 66560K, 100% used [0x00000000d5580000,0x00000000d9680000,0x00000000d9680000)
  from space 5120K, 99% used [0x00000000d9b80000,0x00000000da07c010,0x00000000da080000)
  to   space 5120K, 0% used [0x00000000d9680000,0x00000000d9680000,0x00000000d9b80000)
 ParOldGen       total 87552K, used 10411K [0x0000000080000000, 0x0000000085580000, 0x00000000d5580000)
  object space 87552K, 11% used [0x0000000080000000,0x0000000080a2acf8,0x0000000085580000)
 Metaspace       used 16519K, capacity 16792K, committed 16896K, reserved 1064960K
  class space    used 1895K, capacity 2012K, committed 2048K, reserved 1048576K
Event: 6.296 GC heap after
Heap after GC invocations=5 (full 0):
 PSYoungGen      total 71680K, used 5104K [0x00000000d5580000, 0x00000000df380000, 0x0000000100000000)
  eden space 66560K, 0% used [0x00000000d5580000,0x00000000d5580000,0x00000000d9680000)
  from space 5120K, 99% used [0x00000000d9680000,0x00000000d9b7c030,0x00000000d9b80000)
  to   space 14336K, 0% used [0x00000000de580000,0x00000000de580000,0x00000000df380000)
 ParOldGen       total 87552K, used 18111K [0x0000000080000000, 0x0000000085580000, 0x00000000d5580000)
  object space 87552K, 20% used [0x0000000080000000,0x00000000811afe38,0x0000000085580000)
 Metaspace       used 16519K, capacity 16792K, committed 16896K, reserved 1064960K
  class space    used 1895K, capacity 2012K, committed 2048K, reserved 1048576K
}
Event: 7.301 GC heap before
{Heap before GC invocations=6 (full 0):
 PSYoungGen      total 71680K, used 71664K [0x00000000d5580000, 0x00000000df380000, 0x0000000100000000)
  eden space 66560K, 100% used [0x00000000d5580000,0x00000000d9680000,0x00000000d9680000)
  from space 5120K, 99% used [0x00000000d9680000,0x00000000d9b7c030,0x00000000d9b80000)
  to   space 14336K, 0% used [0x00000000de580000,0x00000000de580000,0x00000000df380000)
 ParOldGen       total 87552K, used 18111K [0x0000000080000000, 0x0000000085580000, 0x00000000d5580000)
  object space 87552K, 20% used [0x0000000080000000,0x00000000811afe38,0x0000000085580000)
 Metaspace       used 20796K, capacity 21256K, committed 21296K, reserved 1069056K
  class space    used 2438K, capacity 2582K, committed 2608K, reserved 1048576K
Event: 7.334 GC heap after
Heap after GC invocations=6 (full 0):
 PSYoungGen      total 146432K, used 9811K [0x00000000d5580000, 0x00000000df280000, 0x0000000100000000)
  eden space 133120K, 0% used [0x00000000d5580000,0x00000000d5580000,0x00000000dd780000)
  from space 13312K, 73% used [0x00000000de580000,0x00000000def14e40,0x00000000df280000)
  to   space 13824K, 0% used [0x00000000dd780000,0x00000000dd780000,0x00000000de500000)
 ParOldGen       total 87552K, used 18111K [0x0000000080000000, 0x0000000085580000, 0x00000000d5580000)
  object space 87552K, 20% used [0x0000000080000000,0x00000000811afe38,0x0000000085580000)
 Metaspace       used 20796K, capacity 21256K, committed 21296K, reserved 1069056K
  class space    used 2438K, capacity 2582K, committed 2608K, reserved 1048576K
}
Event: 7.341 GC heap before
{Heap before GC invocations=7 (full 0):
 PSYoungGen      total 146432K, used 12488K [0x00000000d5580000, 0x00000000df280000, 0x0000000100000000)
  eden space 133120K, 2% used [0x00000000d5580000,0x00000000d581d4f0,0x00000000dd780000)
  from space 13312K, 73% used [0x00000000de580000,0x00000000def14e40,0x00000000df280000)
  to   space 13824K, 0% used [0x00000000dd780000,0x00000000dd780000,0x00000000de500000)
 ParOldGen       total 87552K, used 18111K [0x0000000080000000, 0x0000000085580000, 0x00000000d5580000)
  object space 87552K, 20% used [0x0000000080000000,0x00000000811afe38,0x0000000085580000)
 Metaspace       used 20849K, capacity 21256K, committed 21296K, reserved 1069056K
  class space    used 2442K, capacity 2582K, committed 2608K, reserved 1048576K
Event: 7.371 GC heap after
Heap after GC invocations=7 (full 0):
 PSYoungGen      total 146944K, used 6168K [0x00000000d5580000, 0x00000000e7480000, 0x0000000100000000)
  eden space 133120K, 0% used [0x00000000d5580000,0x00000000d5580000,0x00000000dd780000)
  from space 13824K, 44% used [0x00000000dd780000,0x00000000ddd86068,0x00000000de500000)
  to   space 13824K, 0% used [0x00000000e6700000,0x00000000e6700000,0x00000000e7480000)
 ParOldGen       total 87552K, used 20233K [0x0000000080000000, 0x0000000085580000, 0x00000000d5580000)
  object space 87552K, 23% used [0x0000000080000000,0x00000000813c26c8,0x0000000085580000)
 Metaspace       used 20849K, capacity 21256K, committed 21296K, reserved 1069056K
  class space    used 2442K, capacity 2582K, committed 2608K, reserved 1048576K
}
Event: 7.371 GC heap before
{Heap before GC invocations=8 (full 1):
 PSYoungGen      total 146944K, used 6168K [0x00000000d5580000, 0x00000000e7480000, 0x0000000100000000)
  eden space 133120K, 0% used [0x00000000d5580000,0x00000000d5580000,0x00000000dd780000)
  from space 13824K, 44% used [0x00000000dd780000,0x00000000ddd86068,0x00000000de500000)
  to   space 13824K, 0% used [0x00000000e6700000,0x00000000e6700000,0x00000000e7480000)
 ParOldGen       total 87552K, used 20233K [0x0000000080000000, 0x0000000085580000, 0x00000000d5580000)
  object space 87552K, 23% used [0x0000000080000000,0x00000000813c26c8,0x0000000085580000)
 Metaspace       used 20849K, capacity 21256K, committed 21296K, reserved 1069056K
  class space    used 2442K, capacity 2582K, committed 2608K, reserved 1048576K
Event: 7.516 GC heap after
Heap after GC invocations=8 (full 1):
 PSYoungGen      total 146944K, used 0K [0x00000000d5580000, 0x00000000e7480000, 0x0000000100000000)
  eden space 133120K, 0% used [0x00000000d5580000,0x00000000d5580000,0x00000000dd780000)
  from space 13824K, 0% used [0x00000000dd780000,0x00000000dd780000,0x00000000de500000)
  to   space 13824K, 0% used [0x00000000e6700000,0x00000000e6700000,0x00000000e7480000)
 ParOldGen       total 65536K, used 21085K [0x0000000080000000, 0x0000000084000000, 0x00000000d5580000)
  object space 65536K, 32% used [0x0000000080000000,0x0000000081497640,0x0000000084000000)
 Metaspace       used 20849K, capacity 21256K, committed 21296K, reserved 1069056K
  class space    used 2442K, capacity 2582K, committed 2608K, reserved 1048576K
}
Event: 9.898 GC heap before
{Heap before GC invocations=9 (full 1):
 PSYoungGen      total 146944K, used 133120K [0x00000000d5580000, 0x00000000e7480000, 0x0000000100000000)
  eden space 133120K, 100% used [0x00000000d5580000,0x00000000dd780000,0x00000000dd780000)
  from space 13824K, 0% used [0x00000000dd780000,0x00000000dd780000,0x00000000de500000)
  to   space 13824K, 0% used [0x00000000e6700000,0x00000000e6700000,0x00000000e7480000)
 ParOldGen       total 65536K, used 21085K [0x0000000080000000, 0x0000000084000000, 0x00000000d5580000)
  object space 65536K, 32% used [0x0000000080000000,0x0000000081497640,0x0000000084000000)
 Metaspace       used 24314K, capacity 24776K, committed 24880K, reserved 1071104K
  class space    used 2705K, capacity 2838K, committed 2864K, reserved 1048576K
Event: 9.958 GC heap after
Heap after GC invocations=9 (full 1):
 PSYoungGen      total 266240K, used 13818K [0x00000000d5580000, 0x00000000e7900000, 0x0000000100000000)
  eden space 252416K, 0% used [0x00000000d5580000,0x00000000d5580000,0x00000000e4c00000)
  from space 13824K, 99% used [0x00000000e6700000,0x00000000e747eb98,0x00000000e7480000)
  to   space 23040K, 0% used [0x00000000e4c00000,0x00000000e4c00000,0x00000000e6280000)
 ParOldGen       total 65536K, used 37978K [0x0000000080000000, 0x0000000084000000, 0x00000000d5580000)
  object space 65536K, 57% used [0x0000000080000000,0x0000000082516bb0,0x0000000084000000)
 Metaspace       used 24314K, capacity 24776K, committed 24880K, reserved 1071104K
  class space    used 2705K, capacity 2838K, committed 2864K, reserved 1048576K
}

